android/app/build/intermediates/manifest_merge_blame_file/debug/processDebugMainManifest/manifest-merger-blame-debug-report.txt
1<?xml version="1.0" encoding="utf-8"?>
2<manifest xmlns:android="http://schemas.android.com/apk/res/android"
3    package="com.shahadat25.knowledgetemple"
4    android:versionCode="11"
5    android:versionName="1.0.1" >
6
7    <uses-sdk
8        android:minSdkVersion="24"
9        android:targetSdkVersion="34" />
10
11    <uses-permission android:name="android.permission.SYSTEM_ALERT_WINDOW" />
11-->src\main\AndroidManifest.xml:6:3-75
11-->src\main\AndroidManifest.xml:6:20-73
12    <uses-permission android:name="android.permission.INTERNET" />
12-->src\main\AndroidManifest.xml:2:3-64
12-->src\main\AndroidManifest.xml:2:20-62
13    <uses-permission android:name="android.permission.MODIFY_AUDIO_SETTINGS" />
13-->src\main\AndroidManifest.xml:3:3-77
13-->src\main\AndroidManifest.xml:3:20-75
14    <uses-permission android:name="android.permission.READ_EXTERNAL_STORAGE" />
14-->src\main\AndroidManifest.xml:4:3-77
14-->src\main\AndroidManifest.xml:4:20-75
15    <uses-permission android:name="android.permission.RECORD_AUDIO" />
15-->src\main\AndroidManifest.xml:5:3-68
15-->src\main\AndroidManifest.xml:5:20-66
16    <uses-permission android:name="android.permission.VIBRATE" />
16-->src\main\AndroidManifest.xml:7:3-63
16-->src\main\AndroidManifest.xml:7:20-61
17    <uses-permission android:name="android.permission.WRITE_EXTERNAL_STORAGE" />
17-->src\main\AndroidManifest.xml:8:3-78
17-->src\main\AndroidManifest.xml:8:20-76
18
19    <queries>
19-->src\main\AndroidManifest.xml:9:3-15:13
20        <intent>
20-->src\main\AndroidManifest.xml:10:5-14:14
21            <action android:name="android.intent.action.VIEW" />
21-->src\main\AndroidManifest.xml:11:7-58
21-->src\main\AndroidManifest.xml:11:15-56
22
23            <category android:name="android.intent.category.BROWSABLE" />
23-->src\main\AndroidManifest.xml:12:7-67
23-->src\main\AndroidManifest.xml:12:17-65
24
25            <data android:scheme="https" />
25-->src\main\AndroidManifest.xml:13:7-37
25-->src\main\AndroidManifest.xml:13:13-35
26        </intent>
27
28        <package android:name="host.exp.exponent" /> <!-- Query open documents -->
28-->[:expo-dev-launcher] AndroidManifest.xml:8:9-53
28-->[:expo-dev-launcher] AndroidManifest.xml:8:18-50
29        <intent>
29-->[:expo-file-system] AndroidManifest.xml:15:9-17:18
30            <action android:name="android.intent.action.OPEN_DOCUMENT_TREE" />
30-->[:expo-file-system] AndroidManifest.xml:16:13-79
30-->[:expo-file-system] AndroidManifest.xml:16:21-76
31        </intent>
32        <intent>
32-->[:expo-image-picker] AndroidManifest.xml:15:9-19:18
33
34            <!-- Required for picking images from the camera roll if targeting API 30 -->
35            <action android:name="android.media.action.IMAGE_CAPTURE" />
35-->[:expo-image-picker] AndroidManifest.xml:18:13-73
35-->[:expo-image-picker] AndroidManifest.xml:18:21-70
36        </intent>
37        <intent>
37-->[:expo-image-picker] AndroidManifest.xml:20:9-24:18
38
39            <!-- Required for picking images from the camera if targeting API 30 -->
40            <action android:name="android.media.action.ACTION_VIDEO_CAPTURE" />
40-->[:expo-image-picker] AndroidManifest.xml:23:13-80
40-->[:expo-image-picker] AndroidManifest.xml:23:21-77
41        </intent>
42        <intent>
42-->[:expo-sharing] AndroidManifest.xml:8:9-14:18
43
44            <!-- Required for file sharing if targeting API 30 -->
45            <action android:name="android.intent.action.SEND" />
45-->[:expo-sharing] AndroidManifest.xml:11:13-65
45-->[:expo-sharing] AndroidManifest.xml:11:21-62
46
47            <data android:mimeType="*/*" />
47-->src\main\AndroidManifest.xml:13:7-37
48        </intent>
49        <intent>
49-->[:expo-web-browser] AndroidManifest.xml:8:9-12:18
50
51            <!-- Required for opening tabs if targeting API 30 -->
52            <action android:name="android.support.customtabs.action.CustomTabsService" />
52-->[:expo-web-browser] AndroidManifest.xml:11:13-90
52-->[:expo-web-browser] AndroidManifest.xml:11:21-87
53        </intent>
54        <intent>
54-->[com.github.CanHub:Android-Image-Cropper:4.3.1] AndroidManifest.xml:10:9-16:18
55            <action android:name="android.intent.action.GET_CONTENT" />
55-->[com.github.CanHub:Android-Image-Cropper:4.3.1] AndroidManifest.xml:11:13-72
55-->[com.github.CanHub:Android-Image-Cropper:4.3.1] AndroidManifest.xml:11:21-69
56
57            <category android:name="android.intent.category.OPENABLE" />
57-->[com.github.CanHub:Android-Image-Cropper:4.3.1] AndroidManifest.xml:13:13-73
57-->[com.github.CanHub:Android-Image-Cropper:4.3.1] AndroidManifest.xml:13:23-70
58
59            <data android:mimeType="*/*" />
59-->src\main\AndroidManifest.xml:13:7-37
60        </intent>
61        <intent>
61-->[com.razorpay:standard-core:1.6.52] AndroidManifest.xml:11:9-17:18
62            <action android:name="android.intent.action.VIEW" />
62-->src\main\AndroidManifest.xml:11:7-58
62-->src\main\AndroidManifest.xml:11:15-56
63
64            <data
64-->src\main\AndroidManifest.xml:13:7-37
65                android:mimeType="*/*"
66                android:scheme="*" />
66-->src\main\AndroidManifest.xml:13:13-35
67        </intent>
68        <intent>
68-->[com.razorpay:standard-core:1.6.52] AndroidManifest.xml:18:9-27:18
69            <action android:name="android.intent.action.VIEW" />
69-->src\main\AndroidManifest.xml:11:7-58
69-->src\main\AndroidManifest.xml:11:15-56
70
71            <category android:name="android.intent.category.BROWSABLE" />
71-->src\main\AndroidManifest.xml:12:7-67
71-->src\main\AndroidManifest.xml:12:17-65
72
73            <data
73-->src\main\AndroidManifest.xml:13:7-37
74                android:host="pay"
75                android:mimeType="*/*"
76                android:scheme="upi" />
76-->src\main\AndroidManifest.xml:13:13-35
77        </intent>
78        <intent>
78-->[com.razorpay:standard-core:1.6.52] AndroidManifest.xml:28:9-30:18
79            <action android:name="android.intent.action.MAIN" />
79-->src\main\AndroidManifest.xml:22:9-60
79-->src\main\AndroidManifest.xml:22:17-58
80        </intent>
81        <intent>
81-->[com.razorpay:standard-core:1.6.52] AndroidManifest.xml:36:9-38:18
82            <action android:name="rzp.device_token.share" />
82-->[com.razorpay:standard-core:1.6.52] AndroidManifest.xml:37:13-61
82-->[com.razorpay:standard-core:1.6.52] AndroidManifest.xml:37:21-58
83        </intent>
84    </queries> <!-- Required for picking images from camera directly -->
85    <uses-permission android:name="android.permission.CAMERA" /> <!-- Include required permissions for Google Maps API to run. -->
85-->[:expo-image-picker] AndroidManifest.xml:8:5-65
85-->[:expo-image-picker] AndroidManifest.xml:8:22-62
86    <uses-permission android:name="android.permission.ACCESS_NETWORK_STATE" />
86-->[com.google.android.gms:play-services-maps:17.0.0] AndroidManifest.xml:23:5-79
86-->[com.google.android.gms:play-services-maps:17.0.0] AndroidManifest.xml:23:22-76
87
88    <uses-feature
88-->[com.google.android.gms:play-services-maps:17.0.0] AndroidManifest.xml:26:5-28:35
89        android:glEsVersion="0x00020000"
89-->[com.google.android.gms:play-services-maps:17.0.0] AndroidManifest.xml:27:9-41
90        android:required="true" />
90-->[com.google.android.gms:play-services-maps:17.0.0] AndroidManifest.xml:28:9-32
91
92    <permission
92-->[androidx.core:core:1.13.1] AndroidManifest.xml:22:5-24:47
93        android:name="com.shahadat25.knowledgetemple.DYNAMIC_RECEIVER_NOT_EXPORTED_PERMISSION"
93-->[androidx.core:core:1.13.1] AndroidManifest.xml:23:9-81
94        android:protectionLevel="signature" />
94-->[androidx.core:core:1.13.1] AndroidManifest.xml:24:9-44
95
96    <uses-permission android:name="com.shahadat25.knowledgetemple.DYNAMIC_RECEIVER_NOT_EXPORTED_PERMISSION" />
96-->[androidx.core:core:1.13.1] AndroidManifest.xml:26:5-97
96-->[androidx.core:core:1.13.1] AndroidManifest.xml:26:22-94
97    <uses-permission android:name="android.permission.ACCESS_WIFI_STATE" />
97-->[com.amazonaws:ivs-player:1.23.0] AndroidManifest.xml:10:5-76
97-->[com.amazonaws:ivs-player:1.23.0] AndroidManifest.xml:10:22-73
98
99    <application
99-->src\main\AndroidManifest.xml:16:3-34:17
100        android:name="com.shahadat25.knowledgetemple.MainApplication"
100-->src\main\AndroidManifest.xml:16:16-47
101        android:allowBackup="true"
101-->src\main\AndroidManifest.xml:16:162-188
102        android:appComponentFactory="androidx.core.app.CoreComponentFactory"
102-->[androidx.core:core:1.13.1] AndroidManifest.xml:28:18-86
103        android:debuggable="true"
104        android:extractNativeLibs="false"
105        android:icon="@mipmap/ic_launcher"
105-->src\main\AndroidManifest.xml:16:81-115
106        android:label="@string/app_name"
106-->src\main\AndroidManifest.xml:16:48-80
107        android:roundIcon="@mipmap/ic_launcher_round"
107-->src\main\AndroidManifest.xml:16:116-161
108        android:supportsRtl="true"
108-->src\main\AndroidManifest.xml:16:221-247
109        android:theme="@style/AppTheme"
109-->src\main\AndroidManifest.xml:16:189-220
110        android:usesCleartextTraffic="true" >
110-->src\main\AndroidManifest.xml:16:248-283
111        <meta-data
111-->src\main\AndroidManifest.xml:17:5-83
112            android:name="expo.modules.updates.ENABLED"
112-->src\main\AndroidManifest.xml:17:16-59
113            android:value="false" />
113-->src\main\AndroidManifest.xml:17:60-81
114        <meta-data
114-->src\main\AndroidManifest.xml:18:5-105
115            android:name="expo.modules.updates.EXPO_UPDATES_CHECK_ON_LAUNCH"
115-->src\main\AndroidManifest.xml:18:16-80
116            android:value="ALWAYS" />
116-->src\main\AndroidManifest.xml:18:81-103
117        <meta-data
117-->src\main\AndroidManifest.xml:19:5-99
118            android:name="expo.modules.updates.EXPO_UPDATES_LAUNCH_WAIT_MS"
118-->src\main\AndroidManifest.xml:19:16-79
119            android:value="0" />
119-->src\main\AndroidManifest.xml:19:80-97
120
121        <activity
121-->src\main\AndroidManifest.xml:20:5-33:16
122            android:name="com.shahadat25.knowledgetemple.MainActivity"
122-->src\main\AndroidManifest.xml:20:15-43
123            android:configChanges="keyboard|keyboardHidden|orientation|screenSize|screenLayout|uiMode"
123-->src\main\AndroidManifest.xml:20:44-134
124            android:exported="true"
124-->src\main\AndroidManifest.xml:20:256-279
125            android:launchMode="singleTask"
125-->src\main\AndroidManifest.xml:20:135-166
126            android:screenOrientation="portrait"
126-->src\main\AndroidManifest.xml:20:280-316
127            android:theme="@style/Theme.App.SplashScreen"
127-->src\main\AndroidManifest.xml:20:210-255
128            android:windowSoftInputMode="adjustResize" >
128-->src\main\AndroidManifest.xml:20:167-209
129            <intent-filter>
129-->src\main\AndroidManifest.xml:21:7-24:23
130                <action android:name="android.intent.action.MAIN" />
130-->src\main\AndroidManifest.xml:22:9-60
130-->src\main\AndroidManifest.xml:22:17-58
131
132                <category android:name="android.intent.category.LAUNCHER" />
132-->src\main\AndroidManifest.xml:23:9-68
132-->src\main\AndroidManifest.xml:23:19-66
133            </intent-filter>
134            <intent-filter>
134-->src\main\AndroidManifest.xml:25:7-32:23
135                <action android:name="android.intent.action.VIEW" />
135-->src\main\AndroidManifest.xml:11:7-58
135-->src\main\AndroidManifest.xml:11:15-56
136
137                <category android:name="android.intent.category.DEFAULT" />
137-->src\main\AndroidManifest.xml:27:9-67
137-->src\main\AndroidManifest.xml:27:19-65
138                <category android:name="android.intent.category.BROWSABLE" />
138-->src\main\AndroidManifest.xml:12:7-67
138-->src\main\AndroidManifest.xml:12:17-65
139
140                <data android:scheme="myapp" />
140-->src\main\AndroidManifest.xml:13:7-37
140-->src\main\AndroidManifest.xml:13:13-35
141                <data android:scheme="com.shahadat25.knowledgetemple" />
141-->src\main\AndroidManifest.xml:13:7-37
141-->src\main\AndroidManifest.xml:13:13-35
142                <data android:scheme="exp+knowledge-temple" />
142-->src\main\AndroidManifest.xml:13:7-37
142-->src\main\AndroidManifest.xml:13:13-35
143            </intent-filter>
144        </activity>
145
146        <meta-data
146-->[:amazon-ivs-react-native-player] AndroidManifest.xml:8:9-10:49
147            android:name="com.amazonaws.ivs.player.FRAMEWORK_NAME"
147-->[:amazon-ivs-react-native-player] AndroidManifest.xml:9:13-67
148            android:value="reactnativeplayer" />
148-->[:amazon-ivs-react-native-player] AndroidManifest.xml:10:13-46
149        <meta-data
149-->[:amazon-ivs-react-native-player] AndroidManifest.xml:11:9-13:37
150            android:name="com.amazonaws.ivs.player.FRAMEWORK_VERSION"
150-->[:amazon-ivs-react-native-player] AndroidManifest.xml:12:13-70
151            android:value="1.5.0" />
151-->[:amazon-ivs-react-native-player] AndroidManifest.xml:13:13-34
152
153        <provider
153-->[:react-native-webview] AndroidManifest.xml:8:9-16:20
154            android:name="com.reactnativecommunity.webview.RNCWebViewFileProvider"
154-->[:react-native-webview] AndroidManifest.xml:9:13-83
155            android:authorities="com.shahadat25.knowledgetemple.fileprovider"
155-->[:react-native-webview] AndroidManifest.xml:10:13-64
156            android:exported="false"
156-->[:react-native-webview] AndroidManifest.xml:11:13-37
157            android:grantUriPermissions="true" >
157-->[:react-native-webview] AndroidManifest.xml:12:13-47
158            <meta-data
158-->[:react-native-webview] AndroidManifest.xml:13:13-15:63
159                android:name="android.support.FILE_PROVIDER_PATHS"
159-->[:react-native-webview] AndroidManifest.xml:14:17-67
160                android:resource="@xml/file_provider_paths" />
160-->[:react-native-webview] AndroidManifest.xml:15:17-60
161        </provider>
162
163        <activity
163-->[:react-native-razorpay] AndroidManifest.xml:8:9-10:86
164            android:name="com.razorpay.CheckoutActivity"
164-->[:react-native-razorpay] AndroidManifest.xml:9:13-57
165            android:configChanges="keyboard|keyboardHidden|orientation|screenSize"
165-->[:react-native-razorpay] AndroidManifest.xml:10:13-83
166            android:exported="false"
166-->[com.razorpay:standard-core:1.6.52] AndroidManifest.xml:45:13-37
167            android:theme="@style/CheckoutTheme" >
167-->[com.razorpay:standard-core:1.6.52] AndroidManifest.xml:46:13-49
168            <intent-filter>
168-->[com.razorpay:standard-core:1.6.52] AndroidManifest.xml:47:13-49:29
169                <action android:name="android.intent.action.MAIN" />
169-->src\main\AndroidManifest.xml:22:9-60
169-->src\main\AndroidManifest.xml:22:17-58
170            </intent-filter>
171        </activity>
172
173        <provider
173-->[:expo-clipboard] AndroidManifest.xml:8:9-15:20
174            android:name="expo.modules.clipboard.ClipboardFileProvider"
174-->[:expo-clipboard] AndroidManifest.xml:9:13-72
175            android:authorities="com.shahadat25.knowledgetemple.ClipboardFileProvider"
175-->[:expo-clipboard] AndroidManifest.xml:10:13-73
176            android:exported="true" >
176-->[:expo-clipboard] AndroidManifest.xml:11:13-36
177            <meta-data
177-->[:expo-clipboard] AndroidManifest.xml:12:13-14:68
178                android:name="expo.modules.clipboard.CLIPBOARD_FILE_PROVIDER_PATHS"
178-->[:expo-clipboard] AndroidManifest.xml:13:17-84
179                android:resource="@xml/clipboard_provider_paths" />
179-->[:expo-clipboard] AndroidManifest.xml:14:17-65
180        </provider>
181
182        <activity
182-->[:expo-dev-launcher] AndroidManifest.xml:12:9-25:20
183            android:name="expo.modules.devlauncher.launcher.DevLauncherActivity"
183-->[:expo-dev-launcher] AndroidManifest.xml:13:13-81
184            android:exported="true"
184-->[:expo-dev-launcher] AndroidManifest.xml:14:13-36
185            android:launchMode="singleTask"
185-->[:expo-dev-launcher] AndroidManifest.xml:15:13-44
186            android:theme="@style/Theme.DevLauncher.LauncherActivity" >
186-->[:expo-dev-launcher] AndroidManifest.xml:16:13-70
187            <intent-filter>
187-->[:expo-dev-launcher] AndroidManifest.xml:17:13-24:29
188                <action android:name="android.intent.action.VIEW" />
188-->src\main\AndroidManifest.xml:11:7-58
188-->src\main\AndroidManifest.xml:11:15-56
189
190                <category android:name="android.intent.category.DEFAULT" />
190-->src\main\AndroidManifest.xml:27:9-67
190-->src\main\AndroidManifest.xml:27:19-65
191                <category android:name="android.intent.category.BROWSABLE" />
191-->src\main\AndroidManifest.xml:12:7-67
191-->src\main\AndroidManifest.xml:12:17-65
192
193                <data android:scheme="expo-dev-launcher" />
193-->src\main\AndroidManifest.xml:13:7-37
193-->src\main\AndroidManifest.xml:13:13-35
194            </intent-filter>
195        </activity>
196        <activity
196-->[:expo-dev-launcher] AndroidManifest.xml:26:9-29:70
197            android:name="expo.modules.devlauncher.launcher.errors.DevLauncherErrorActivity"
197-->[:expo-dev-launcher] AndroidManifest.xml:27:13-93
198            android:screenOrientation="portrait"
198-->[:expo-dev-launcher] AndroidManifest.xml:28:13-49
199            android:theme="@style/Theme.DevLauncher.ErrorActivity" />
199-->[:expo-dev-launcher] AndroidManifest.xml:29:13-67
200        <activity
200-->[:expo-dev-menu] AndroidManifest.xml:8:9-21:20
201            android:name="expo.modules.devmenu.DevMenuActivity"
201-->[:expo-dev-menu] AndroidManifest.xml:9:13-64
202            android:exported="true"
202-->[:expo-dev-menu] AndroidManifest.xml:10:13-36
203            android:launchMode="singleTask"
203-->[:expo-dev-menu] AndroidManifest.xml:11:13-44
204            android:theme="@style/Theme.AppCompat.Transparent.NoActionBar" >
204-->[:expo-dev-menu] AndroidManifest.xml:12:13-75
205            <intent-filter>
205-->[:expo-dev-menu] AndroidManifest.xml:13:13-20:29
206                <action android:name="android.intent.action.VIEW" />
206-->src\main\AndroidManifest.xml:11:7-58
206-->src\main\AndroidManifest.xml:11:15-56
207
208                <category android:name="android.intent.category.DEFAULT" />
208-->src\main\AndroidManifest.xml:27:9-67
208-->src\main\AndroidManifest.xml:27:19-65
209                <category android:name="android.intent.category.BROWSABLE" />
209-->src\main\AndroidManifest.xml:12:7-67
209-->src\main\AndroidManifest.xml:12:17-65
210
211                <data android:scheme="expo-dev-menu" />
211-->src\main\AndroidManifest.xml:13:7-37
211-->src\main\AndroidManifest.xml:13:13-35
212            </intent-filter>
213        </activity>
214
215        <provider
215-->[:expo-file-system] AndroidManifest.xml:21:9-30:20
216            android:name="expo.modules.filesystem.FileSystemFileProvider"
216-->[:expo-file-system] AndroidManifest.xml:22:13-74
217            android:authorities="com.shahadat25.knowledgetemple.FileSystemFileProvider"
217-->[:expo-file-system] AndroidManifest.xml:23:13-74
218            android:exported="false"
218-->[:expo-file-system] AndroidManifest.xml:24:13-37
219            android:grantUriPermissions="true" >
219-->[:expo-file-system] AndroidManifest.xml:25:13-47
220            <meta-data
220-->[:react-native-webview] AndroidManifest.xml:13:13-15:63
221                android:name="android.support.FILE_PROVIDER_PATHS"
221-->[:react-native-webview] AndroidManifest.xml:14:17-67
222                android:resource="@xml/file_system_provider_paths" />
222-->[:react-native-webview] AndroidManifest.xml:15:17-60
223        </provider>
224
225        <service
225-->[:expo-image-picker] AndroidManifest.xml:28:9-40:19
226            android:name="com.google.android.gms.metadata.ModuleDependencies"
226-->[:expo-image-picker] AndroidManifest.xml:29:13-78
227            android:enabled="false"
227-->[:expo-image-picker] AndroidManifest.xml:30:13-36
228            android:exported="false" >
228-->[:expo-image-picker] AndroidManifest.xml:31:13-37
229            <intent-filter>
229-->[:expo-image-picker] AndroidManifest.xml:33:13-35:29
230                <action android:name="com.google.android.gms.metadata.MODULE_DEPENDENCIES" />
230-->[:expo-image-picker] AndroidManifest.xml:34:17-94
230-->[:expo-image-picker] AndroidManifest.xml:34:25-91
231            </intent-filter>
232
233            <meta-data
233-->[:expo-image-picker] AndroidManifest.xml:37:13-39:36
234                android:name="photopicker_activity:0:required"
234-->[:expo-image-picker] AndroidManifest.xml:38:17-63
235                android:value="" />
235-->[:expo-image-picker] AndroidManifest.xml:39:17-33
236        </service>
237
238        <activity
238-->[:expo-image-picker] AndroidManifest.xml:42:9-44:59
239            android:name="com.canhub.cropper.CropImageActivity"
239-->[:expo-image-picker] AndroidManifest.xml:43:13-64
240            android:exported="true"
240-->[com.github.CanHub:Android-Image-Cropper:4.3.1] AndroidManifest.xml:35:13-36
241            android:theme="@style/Base.Theme.AppCompat" /> <!-- https://developer.android.com/guide/topics/manifest/provider-element.html -->
241-->[:expo-image-picker] AndroidManifest.xml:44:13-56
242        <provider
242-->[:expo-image-picker] AndroidManifest.xml:46:9-54:20
243            android:name="expo.modules.imagepicker.fileprovider.ImagePickerFileProvider"
243-->[:expo-image-picker] AndroidManifest.xml:47:13-89
244            android:authorities="com.shahadat25.knowledgetemple.ImagePickerFileProvider"
244-->[:expo-image-picker] AndroidManifest.xml:48:13-75
245            android:exported="false"
245-->[:expo-image-picker] AndroidManifest.xml:49:13-37
246            android:grantUriPermissions="true" >
246-->[:expo-image-picker] AndroidManifest.xml:50:13-47
247            <meta-data
247-->[:react-native-webview] AndroidManifest.xml:13:13-15:63
248                android:name="android.support.FILE_PROVIDER_PATHS"
248-->[:react-native-webview] AndroidManifest.xml:14:17-67
249                android:resource="@xml/image_picker_provider_paths" />
249-->[:react-native-webview] AndroidManifest.xml:15:17-60
250        </provider>
251        <provider
251-->[:expo-sharing] AndroidManifest.xml:18:9-26:20
252            android:name="expo.modules.sharing.SharingFileProvider"
252-->[:expo-sharing] AndroidManifest.xml:19:13-68
253            android:authorities="com.shahadat25.knowledgetemple.SharingFileProvider"
253-->[:expo-sharing] AndroidManifest.xml:20:13-71
254            android:exported="false"
254-->[:expo-sharing] AndroidManifest.xml:21:13-37
255            android:grantUriPermissions="true" >
255-->[:expo-sharing] AndroidManifest.xml:22:13-47
256            <meta-data
256-->[:react-native-webview] AndroidManifest.xml:13:13-15:63
257                android:name="android.support.FILE_PROVIDER_PATHS"
257-->[:react-native-webview] AndroidManifest.xml:14:17-67
258                android:resource="@xml/sharing_provider_paths" />
258-->[:react-native-webview] AndroidManifest.xml:15:17-60
259        </provider>
260
261        <meta-data
261-->[:expo-modules-core] AndroidManifest.xml:9:9-11:89
262            android:name="org.unimodules.core.AppLoader#react-native-headless"
262-->[:expo-modules-core] AndroidManifest.xml:10:13-79
263            android:value="expo.modules.adapters.react.apploader.RNHeadlessAppLoader" />
263-->[:expo-modules-core] AndroidManifest.xml:11:13-86
264        <meta-data
264-->[:expo-modules-core] AndroidManifest.xml:12:9-15:45
265            android:name="com.facebook.soloader.enabled"
265-->[:expo-modules-core] AndroidManifest.xml:13:13-57
266            android:value="true" />
266-->[:expo-modules-core] AndroidManifest.xml:14:13-33
267
268        <activity
268-->[com.facebook.react:react-android:0.76.7] AndroidManifest.xml:19:9-21:40
269            android:name="com.facebook.react.devsupport.DevSettingsActivity"
269-->[com.facebook.react:react-android:0.76.7] AndroidManifest.xml:20:13-77
270            android:exported="false" />
270-->[com.facebook.react:react-android:0.76.7] AndroidManifest.xml:21:13-37
271
272        <provider
272-->[com.github.CanHub:Android-Image-Cropper:4.3.1] AndroidManifest.xml:23:9-31:20
273            android:name="com.canhub.cropper.CropFileProvider"
273-->[com.github.CanHub:Android-Image-Cropper:4.3.1] AndroidManifest.xml:24:13-63
274            android:authorities="com.shahadat25.knowledgetemple.cropper.fileprovider"
274-->[com.github.CanHub:Android-Image-Cropper:4.3.1] AndroidManifest.xml:25:13-72
275            android:exported="false"
275-->[com.github.CanHub:Android-Image-Cropper:4.3.1] AndroidManifest.xml:26:13-37
276            android:grantUriPermissions="true" >
276-->[com.github.CanHub:Android-Image-Cropper:4.3.1] AndroidManifest.xml:27:13-47
277            <meta-data
277-->[:react-native-webview] AndroidManifest.xml:13:13-15:63
278                android:name="android.support.FILE_PROVIDER_PATHS"
278-->[:react-native-webview] AndroidManifest.xml:14:17-67
279                android:resource="@xml/library_file_paths" />
279-->[:react-native-webview] AndroidManifest.xml:15:17-60
280        </provider>
281        <provider
281-->[com.razorpay:standard-core:1.6.52] AndroidManifest.xml:52:9-60:20
282            android:name="androidx.startup.InitializationProvider"
282-->[com.razorpay:standard-core:1.6.52] AndroidManifest.xml:53:13-67
283            android:authorities="com.shahadat25.knowledgetemple.androidx-startup"
283-->[com.razorpay:standard-core:1.6.52] AndroidManifest.xml:54:13-68
284            android:exported="false" >
284-->[com.razorpay:standard-core:1.6.52] AndroidManifest.xml:55:13-37
285            <meta-data
285-->[com.razorpay:standard-core:1.6.52] AndroidManifest.xml:57:13-59:52
286                android:name="com.razorpay.RazorpayInitializer"
286-->[com.razorpay:standard-core:1.6.52] AndroidManifest.xml:58:17-64
287                android:value="androidx.startup" />
287-->[com.razorpay:standard-core:1.6.52] AndroidManifest.xml:59:17-49
288            <meta-data
288-->[androidx.emoji2:emoji2:1.3.0] AndroidManifest.xml:29:13-31:52
289                android:name="androidx.emoji2.text.EmojiCompatInitializer"
289-->[androidx.emoji2:emoji2:1.3.0] AndroidManifest.xml:30:17-75
290                android:value="androidx.startup" />
290-->[androidx.emoji2:emoji2:1.3.0] AndroidManifest.xml:31:17-49
291            <meta-data
291-->[androidx.lifecycle:lifecycle-process:2.8.3] AndroidManifest.xml:29:13-31:52
292                android:name="androidx.lifecycle.ProcessLifecycleInitializer"
292-->[androidx.lifecycle:lifecycle-process:2.8.3] AndroidManifest.xml:30:17-78
293                android:value="androidx.startup" />
293-->[androidx.lifecycle:lifecycle-process:2.8.3] AndroidManifest.xml:31:17-49
294            <meta-data
294-->[androidx.profileinstaller:profileinstaller:1.3.1] AndroidManifest.xml:29:13-31:52
295                android:name="androidx.profileinstaller.ProfileInstallerInitializer"
295-->[androidx.profileinstaller:profileinstaller:1.3.1] AndroidManifest.xml:30:17-85
296                android:value="androidx.startup" />
296-->[androidx.profileinstaller:profileinstaller:1.3.1] AndroidManifest.xml:31:17-49
297        </provider>
298
299        <activity
299-->[com.razorpay:standard-core:1.6.52] AndroidManifest.xml:62:9-65:75
300            android:name="com.razorpay.MagicXActivity"
300-->[com.razorpay:standard-core:1.6.52] AndroidManifest.xml:63:13-55
301            android:exported="false"
301-->[com.razorpay:standard-core:1.6.52] AndroidManifest.xml:64:13-37
302            android:theme="@android:style/Theme.Translucent.NoTitleBar" />
302-->[com.razorpay:standard-core:1.6.52] AndroidManifest.xml:65:13-72
303
304        <meta-data
304-->[com.razorpay:standard-core:1.6.52] AndroidManifest.xml:67:9-69:58
305            android:name="com.razorpay.plugin.googlepay_all"
305-->[com.razorpay:standard-core:1.6.52] AndroidManifest.xml:68:13-61
306            android:value="com.razorpay.RzpGpayMerged" />
306-->[com.razorpay:standard-core:1.6.52] AndroidManifest.xml:69:13-55
307
308        <activity
308-->[com.google.android.gms:play-services-auth:21.1.0] AndroidManifest.xml:23:9-27:75
309            android:name="com.google.android.gms.auth.api.signin.internal.SignInHubActivity"
309-->[com.google.android.gms:play-services-auth:21.1.0] AndroidManifest.xml:24:13-93
310            android:excludeFromRecents="true"
310-->[com.google.android.gms:play-services-auth:21.1.0] AndroidManifest.xml:25:13-46
311            android:exported="false"
311-->[com.google.android.gms:play-services-auth:21.1.0] AndroidManifest.xml:26:13-37
312            android:theme="@android:style/Theme.Translucent.NoTitleBar" />
312-->[com.google.android.gms:play-services-auth:21.1.0] AndroidManifest.xml:27:13-72
313        <!--
314            Service handling Google Sign-In user revocation. For apps that do not integrate with
315            Google Sign-In, this service will never be started.
316        -->
317        <service
317-->[com.google.android.gms:play-services-auth:21.1.0] AndroidManifest.xml:33:9-37:51
318            android:name="com.google.android.gms.auth.api.signin.RevocationBoundService"
318-->[com.google.android.gms:play-services-auth:21.1.0] AndroidManifest.xml:34:13-89
319            android:exported="true"
319-->[com.google.android.gms:play-services-auth:21.1.0] AndroidManifest.xml:35:13-36
320            android:permission="com.google.android.gms.auth.api.signin.permission.REVOCATION_NOTIFICATION"
320-->[com.google.android.gms:play-services-auth:21.1.0] AndroidManifest.xml:36:13-107
321            android:visibleToInstantApps="true" /> <!-- Needs to be explicitly declared on P+ -->
321-->[com.google.android.gms:play-services-auth:21.1.0] AndroidManifest.xml:37:13-48
322        <uses-library